<?xml version="1.0" encoding="UTF-8"?>
<testsuite name="com.crackhash.worker.WorkerServiceApplicationTests" tests="1" skipped="0" failures="0" errors="0" timestamp="2026-04-09T05:57:51" hostname="MAKUOSPC" time="0.563">
  <properties/>
  <testcase name="contextLoads()" classname="com.crackhash.worker.WorkerServiceApplicationTests" time="0.563"/>
  <system-out><![CDATA[Standard Commons Logging discovery in action with spring-jcl: please remove commons-logging.jar from classpath in order to avoid potential conflicts
12:57:43.788 [Test worker] INFO org.springframework.test.context.support.AnnotationConfigContextLoaderUtils -- Could not detect default configuration classes for test class [com.crackhash.worker.WorkerServiceApplicationTests]: WorkerServiceApplicationTests does not declare any static, non-private, non-final, nested classes annotated with @Configuration.
12:57:43.961 [Test worker] INFO org.springframework.boot.test.context.SpringBootTestContextBootstrapper -- Found @SpringBootConfiguration com.crackhash.worker.WorkerServiceApplication for test class com.crackhash.worker.WorkerServiceApplicationTests

  .   ____          _            __ _ _
 /\\ / ___'_ __ _ _(_)_ __  __ _ \ \ \ \
( ( )\___ | '_ | '_| | '_ \/ _` | \ \ \ \
 \\/  ___)| |_)| | | | | || (_| |  ) ) ) )
  '  |____| .__|_| |_|_| |_\__, | / / / /
 =========|_|==============|___/=/_/_/_/

 :: Spring Boot ::                (v3.4.2)

2026-04-09T12:57:44.693+07:00  INFO 19212 --- [worker] [    Test worker] c.c.w.WorkerServiceApplicationTests      : Starting WorkerServiceApplicationTests using Java 21.0.10 with PID 19212 (started by Mari in C:\Users\Mari\Desktop\lab2\crackhash2\worker)
2026-04-09T12:57:44.696+07:00  INFO 19212 --- [worker] [    Test worker] c.c.w.WorkerServiceApplicationTests      : No active profile set, falling back to 1 default profile: "default"
2026-04-09T12:57:48.211+07:00  INFO 19212 --- [worker] [    Test worker] o.s.a.r.c.CachingConnectionFactory       : Attempting to connect to: [rabbitmq:5672]
2026-04-09T12:57:50.981+07:00  INFO 19212 --- [worker] [    Test worker] o.s.a.r.l.SimpleMessageListenerContainer : Broker not available; cannot force queue declarations during start: java.net.UnknownHostException: Этот хост неизвестен (rabbitmq)
2026-04-09T12:57:50.987+07:00  INFO 19212 --- [worker] [ntContainer#0-1] o.s.a.r.c.CachingConnectionFactory       : Attempting to connect to: [rabbitmq:5672]
2026-04-09T12:57:50.988+07:00 ERROR 19212 --- [worker] [ntContainer#0-1] o.s.a.r.l.SimpleMessageListenerContainer : Failed to check/redeclare auto-delete queue(s).

org.springframework.amqp.AmqpIOException: java.net.UnknownHostException: rabbitmq
	at org.springframework.amqp.rabbit.support.RabbitExceptionTranslator.convertRabbitAccessException(RabbitExceptionTranslator.java:70) ~[spring-rabbit-3.2.2.jar:3.2.2]
	at org.springframework.amqp.rabbit.connection.AbstractConnectionFactory.createBareConnection(AbstractConnectionFactory.java:633) ~[spring-rabbit-3.2.2.jar:3.2.2]
	at org.springframework.amqp.rabbit.connection.CachingConnectionFactory.createConnection(CachingConnectionFactory.java:726) ~[spring-rabbit-3.2.2.jar:3.2.2]
	at org.springframework.amqp.rabbit.connection.ConnectionFactoryUtils.createConnection(ConnectionFactoryUtils.java:257) ~[spring-rabbit-3.2.2.jar:3.2.2]
	at org.springframework.amqp.rabbit.core.RabbitTemplate.doExecute(RabbitTemplate.java:2262) ~[spring-rabbit-3.2.2.jar:3.2.2]
	at org.springframework.amqp.rabbit.core.RabbitTemplate.execute(RabbitTemplate.java:2235) ~[spring-rabbit-3.2.2.jar:3.2.2]
	at org.springframework.amqp.rabbit.core.RabbitTemplate.execute(RabbitTemplate.java:2215) ~[spring-rabbit-3.2.2.jar:3.2.2]
	at org.springframework.amqp.rabbit.core.RabbitAdmin.getQueueInfo(RabbitAdmin.java:468) ~[spring-rabbit-3.2.2.jar:3.2.2]
	at org.springframework.amqp.rabbit.core.RabbitAdmin.getQueueProperties(RabbitAdmin.java:452) ~[spring-rabbit-3.2.2.jar:3.2.2]
	at org.springframework.amqp.rabbit.listener.AbstractMessageListenerContainer.attemptDeclarations(AbstractMessageListenerContainer.java:1960) ~[spring-rabbit-3.2.2.jar:3.2.2]
	at org.springframework.amqp.rabbit.listener.AbstractMessageListenerContainer.redeclareElementsIfNecessary(AbstractMessageListenerContainer.java:1924) ~[spring-rabbit-3.2.2.jar:3.2.2]
	at org.springframework.amqp.rabbit.listener.SimpleMessageListenerContainer$AsyncMessageProcessingConsumer.initialize(SimpleMessageListenerContainer.java:1483) ~[spring-rabbit-3.2.2.jar:3.2.2]
	at org.springframework.amqp.rabbit.listener.SimpleMessageListenerContainer$AsyncMessageProcessingConsumer.run(SimpleMessageListenerContainer.java:1324) ~[spring-rabbit-3.2.2.jar:3.2.2]
	at java.base/java.lang.Thread.run(Thread.java:1583) ~[na:na]
Caused by: java.net.UnknownHostException: rabbitmq
	at java.base/java.net.InetAddress$CachedLookup.get(InetAddress.java:988) ~[na:na]
	at java.base/java.net.InetAddress.getAllByName0(InetAddress.java:1818) ~[na:na]
	at java.base/java.net.InetAddress.getAllByName(InetAddress.java:1688) ~[na:na]
	at com.rabbitmq.client.DnsRecordIpAddressResolver.resolveIpAddresses(DnsRecordIpAddressResolver.java:83) ~[amqp-client-5.22.0.jar:5.22.0]
	at com.rabbitmq.client.DnsRecordIpAddressResolver.getAddresses(DnsRecordIpAddressResolver.java:73) ~[amqp-client-5.22.0.jar:5.22.0]
	at com.rabbitmq.client.ConnectionFactory.newConnection(ConnectionFactory.java:1245) ~[amqp-client-5.22.0.jar:5.22.0]
	at com.rabbitmq.client.ConnectionFactory.newConnection(ConnectionFactory.java:1198) ~[amqp-client-5.22.0.jar:5.22.0]
	at org.springframework.amqp.rabbit.connection.AbstractConnectionFactory.connectAddresses(AbstractConnectionFactory.java:679) ~[spring-rabbit-3.2.2.jar:3.2.2]
	at org.springframework.amqp.rabbit.connection.AbstractConnectionFactory.connect(AbstractConnectionFactory.java:648) ~[spring-rabbit-3.2.2.jar:3.2.2]
	at org.springframework.amqp.rabbit.connection.AbstractConnectionFactory.createBareConnection(AbstractConnectionFactory.java:594) ~[spring-rabbit-3.2.2.jar:3.2.2]
	... 12 common frames omitted

2026-04-09T12:57:50.994+07:00  INFO 19212 --- [worker] [ntContainer#0-1] o.s.a.r.c.CachingConnectionFactory       : Attempting to connect to: [rabbitmq:5672]
2026-04-09T12:57:51.012+07:00  INFO 19212 --- [worker] [    Test worker] c.c.w.WorkerServiceApplicationTests      : Started WorkerServiceApplicationTests in 6.709 seconds (process running for 8.442)
]]></system-out>
  <system-err><![CDATA[Mockito is currently self-attaching to enable the inline-mock-maker. This will no longer work in future releases of the JDK. Please add Mockito as an agent to your build what is described in Mockito's documentation: https://javadoc.io/doc/org.mockito/mockito-core/latest/org/mockito/Mockito.html#0.3
WARNING: A Java agent has been loaded dynamically (C:\Users\Mari\.gradle\caches\modules-2\files-2.1\net.bytebuddy\byte-buddy-agent\1.15.11\a38b16385e867f59a641330f0362ebe742788ed8\byte-buddy-agent-1.15.11.jar)
WARNING: If a serviceability tool is in use, please run with -XX:+EnableDynamicAgentLoading to hide this warning
WARNING: If a serviceability tool is not in use, please run with -Djdk.instrument.traceUsage for more information
WARNING: Dynamic loading of agents will be disallowed by default in a future release
]]></system-err>
</testsuite>
